<?xml version="1.0" encoding="UTF-8"?>
<!DOCTYPE mapper
PUBLIC "-//mybatis.org//DTD Mapper 3.0//EN"
"http://mybatis.org/dtd/mybatis-3-mapper.dtd">

<!-- 
	mapper는 구문을 만들 수 있는 영역
	일반적으로 테이블당 1개씩의 mapper를 둔다
	
	- namespace : 영역을 외부에서 부르기 위한 별칭(일반적으로 테이블 이름으로 사용)
 -->
<mapper namespace="test" >
<insert id = "a"  parameterType="categoryDto">
INSERT INTO  category VALUES (#{category_no},#{category_name})

</insert>

<insert id = "b" parameterType="productDto" >
INSERT INTO  product VALUES (#{product_no},#{product_name},#{category_no})


</insert>



	
</mapper>




